Arguments: 
  C:\Program Files\nodejs\node.exe C:\Users\Leonardo Dantas\AppData\Roaming\npm\node_modules\yarn\bin\yarn.js start

PATH: 
  C:\Program Files (x86)\cmder\bin;C:\Program Files (x86)\cmder\vendor\git-for-windows\cmd;C:\Program Files (x86)\cmder\vendor\conemu-maximus5\ConEmu\Scripts;C:\Program Files (x86)\cmder\vendor\conemu-maximus5;C:\Program Files (x86)\cmder\vendor\conemu-maximus5\ConEmu;C:\Python36\Scripts\;C:\Python36\;C:\Python27\;C:\Python27\Scripts;C:\ProgramData\Oracle\Java\javapath;C:\Program Files (x86)\Razer Chroma SDK\bin;C:\Program Files\Razer Chroma SDK\bin;C:\Windows\system32;C:\Windows;C:\Windows\System32\Wbem;C:\Windows\System32\WindowsPowerShell\v1.0\;C:\Program Files (x86)\NVIDIA Corporation\PhysX\Common;C:\WINDOWS\system32;C:\WINDOWS;C:\WINDOWS\System32\Wbem;C:\WINDOWS\System32\WindowsPowerShell\v1.0\;C:\Users\Leonardo Dantas\AppData\Local\Microsoft\WindowsApps;C:\Users\Leonardo Dantas\AppData\Local\atom\bin;C:\WINDOWS\system32;C:\WINDOWS;C:\WINDOWS\System32\Wbem;C:\WINDOWS\System32\WindowsPowerShell\v1.0\;C:\ProgramData\chocolatey\bin;C:\Program Files\Java\jdk1.8.0_162\bin;C:\Program Files\MongoDB\Server\3.6\bin;C:\Program Files\nodejs\;D:\Arquivos de Programas(x86)\Miniconda3;D:\Arquivos de Programas(x86)\Miniconda3\Library\mingw-w64\bin;D:\Arquivos de Programas(x86)\Miniconda3\Library\usr\bin;D:\Arquivos de Programas(x86)\Miniconda3\Library\bin;D:\Arquivos de Programas(x86)\Miniconda3\Scripts;C:\Users\Leonardo Dantas\AppData\Local\GitHubDesktop\bin;D:\Arquivos de Programas(x86)\Microsoft VS Code\bin;C:\Users\Leonardo Dantas\AppData\Roaming\npm;C:\Program Files (x86)\cmder\vendor\git-for-windows\usr\bin;C:\Program Files (x86)\cmder\vendor\git-for-windows\usr\share\vim\vim74;C:\Program Files (x86)\cmder\

Yarn version: 
  1.5.1

Node version: 
  8.11.1

Platform: 
  win32 x64

npm manifest: 
  {
    "dependencies": {
      "@fortawesome/fontawesome": "^1.1.8",
      "react-table": "^6.8.2"
    },
    "devDependencies": {
      "font-awesome": "^4.7.0"
    }
  }

yarn manifest: 
  No manifest

Lockfile: 
  # THIS IS AN AUTOGENERATED FILE. DO NOT EDIT THIS FILE DIRECTLY.
  # yarn lockfile v1
  
  
  "@fortawesome/fontawesome-common-types@^0.1.7":
    version "0.1.7"
    resolved "https://registry.yarnpkg.com/@fortawesome/fontawesome-common-types/-/fontawesome-common-types-0.1.7.tgz#4336c4b06d0b5608ff1215464b66fcf9f4795284"
  
  "@fortawesome/fontawesome@^1.1.8":
    version "1.1.8"
    resolved "https://registry.yarnpkg.com/@fortawesome/fontawesome/-/fontawesome-1.1.8.tgz#75fe66a60f95508160bb16bd781ad7d89b280f5b"
    dependencies:
      "@fortawesome/fontawesome-common-types" "^0.1.7"
  
  classnames@^2.2.5:
    version "2.2.5"
    resolved "https://registry.yarnpkg.com/classnames/-/classnames-2.2.5.tgz#fb3801d453467649ef3603c7d61a02bd129bde6d"
  
  font-awesome@^4.7.0:
    version "4.7.0"
    resolved "https://registry.yarnpkg.com/font-awesome/-/font-awesome-4.7.0.tgz#8fa8cf0411a1a31afd07b06d2902bb9fc815a133"
  
  react-table@^6.8.2:
    version "6.8.2"
    resolved "https://registry.yarnpkg.com/react-table/-/react-table-6.8.2.tgz#3a5aefabc85953300d16786fa307c30610db9adc"
    dependencies:
      classnames "^2.2.5"

Trace: 
  Error: Command "start" not found.
      at new MessageError (C:\Users\Leonardo Dantas\AppData\Roaming\npm\node_modules\yarn\lib\cli.js:186:110)
      at C:\Users\Leonardo Dantas\AppData\Roaming\npm\node_modules\yarn\lib\cli.js:87307:17
      at Generator.next (<anonymous>)
      at step (C:\Users\Leonardo Dantas\AppData\Roaming\npm\node_modules\yarn\lib\cli.js:98:30)
      at C:\Users\Leonardo Dantas\AppData\Roaming\npm\node_modules\yarn\lib\cli.js:116:14
      at new Promise (<anonymous>)
      at new F (C:\Users\Leonardo Dantas\AppData\Roaming\npm\node_modules\yarn\lib\cli.js:23451:28)
      at C:\Users\Leonardo Dantas\AppData\Roaming\npm\node_modules\yarn\lib\cli.js:95:12
      at runCommand (C:\Users\Leonardo Dantas\AppData\Roaming\npm\node_modules\yarn\lib\cli.js:87312:22)
      at Object.<anonymous> (C:\Users\Leonardo Dantas\AppData\Roaming\npm\node_modules\yarn\lib\cli.js:87412:14)
